CRITICAL - 2025-05-23 16:12:05 --> Invalid file: front/nav_view.php
#0 C:\xampp\htdocs\ProT2_43822520\system\View\View.php(228): CodeIgniter\Exceptions\FrameworkException::forInvalidFile('front/nav_view....')
#1 C:\xampp\htdocs\ProT2_43822520\system\Common.php(1119): CodeIgniter\View\View->render('front/nav_view', Array, true)
#2 C:\xampp\htdocs\ProT2_43822520\app\Controllers\Home.php(8): view('front/nav_view')
#3 C:\xampp\htdocs\ProT2_43822520\system\CodeIgniter.php(918): App\Controllers\Home->index()
#4 C:\xampp\htdocs\ProT2_43822520\system\CodeIgniter.php(404): CodeIgniter\CodeIgniter->runController(Object(App\Controllers\Home))
#5 C:\xampp\htdocs\ProT2_43822520\system\CodeIgniter.php(312): CodeIgniter\CodeIgniter->handleRequest(NULL, Object(Config\Cache), false)
#6 C:\xampp\htdocs\ProT2_43822520\index.php(45): CodeIgniter\CodeIgniter->run()
#7 {main}
CRITICAL - 2025-05-23 16:15:45 --> Invalid file: front/nav_view.php
#0 C:\xampp\htdocs\ProT2_43822520\system\View\View.php(228): CodeIgniter\Exceptions\FrameworkException::forInvalidFile('front/nav_view....')
#1 C:\xampp\htdocs\ProT2_43822520\system\Common.php(1119): CodeIgniter\View\View->render('front/nav_view', Array, true)
#2 C:\xampp\htdocs\ProT2_43822520\app\Controllers\Home.php(8): view('front/nav_view')
#3 C:\xampp\htdocs\ProT2_43822520\system\CodeIgniter.php(918): App\Controllers\Home->index()
#4 C:\xampp\htdocs\ProT2_43822520\system\CodeIgniter.php(404): CodeIgniter\CodeIgniter->runController(Object(App\Controllers\Home))
#5 C:\xampp\htdocs\ProT2_43822520\system\CodeIgniter.php(312): CodeIgniter\CodeIgniter->handleRequest(NULL, Object(Config\Cache), false)
#6 C:\xampp\htdocs\ProT2_43822520\index.php(45): CodeIgniter\CodeIgniter->run()
#7 {main}
CRITICAL - 2025-05-23 16:58:05 --> Call to a member function initialize() on null
#0 {main}
CRITICAL - 2025-05-23 16:58:25 --> Call to a member function initialize() on null
#0 {main}
CRITICAL - 2025-05-23 17:00:12 --> Call to a member function initialize() on null
#0 {main}
CRITICAL - 2025-05-23 17:05:59 --> Invalid file: Viewsfront/principal.php
#0 C:\xampp\htdocs\ProT2_43822520\system\View\View.php(228): CodeIgniter\Exceptions\FrameworkException::forInvalidFile('Viewsfront/prin...')
#1 C:\xampp\htdocs\ProT2_43822520\system\Common.php(1119): CodeIgniter\View\View->render('Viewsfront/prin...', Array, true)
#2 C:\xampp\htdocs\ProT2_43822520\app\Controllers\Home.php(9): view('Viewsfront/prin...')
#3 C:\xampp\htdocs\ProT2_43822520\system\CodeIgniter.php(918): App\Controllers\Home->index()
#4 C:\xampp\htdocs\ProT2_43822520\system\CodeIgniter.php(404): CodeIgniter\CodeIgniter->runController(Object(App\Controllers\Home))
#5 C:\xampp\htdocs\ProT2_43822520\system\CodeIgniter.php(312): CodeIgniter\CodeIgniter->handleRequest(NULL, Object(Config\Cache), false)
#6 C:\xampp\htdocs\ProT2_43822520\index.php(45): CodeIgniter\CodeIgniter->run()
#7 {main}
CRITICAL - 2025-05-23 17:55:48 --> Call to a member function initialize() on null
#0 {main}
CRITICAL - 2025-05-23 17:56:22 --> Call to a member function setContext() on null
#0 {main}
